<?xml version="1.0" ?>
<!DOCTYPE coverage SYSTEM "http://cobertura.sourceforge.net/xml/coverage-04.dtd">
<coverage lines-valid="92" lines-covered="83" line-rate="0.9022" branches-valid="52" branches-covered="43" branch-rate="0.8269" timestamp="1583497229575" complexity="0" version="0.1">
  <sources>
    <source>/Users/lancewu/Documents/code/fetch-idl</source>
  </sources>
  <packages>
    <class name="index.ts" filename="src/index.ts" line-rate="0.9022" branch-rate="0.8269">
      <methods>
        <method name="gitClone" hits="4" signature="()V">
          <lines>
            <line number="11" hits="4"/>
          </lines>
        </method>
        <method name="getThriftFileMap" hits="6" signature="()V">
          <lines>
            <line number="51" hits="6"/>
          </lines>
        </method>
        <method name="getProtoFileMap" hits="6" signature="()V">
          <lines>
            <line number="88" hits="6"/>
          </lines>
        </method>
        <method name="(anonymous_3)" hits="4" signature="()V">
          <lines>
            <line number="119" hits="4"/>
          </lines>
        </method>
        <method name="makeDirectory" hits="10" signature="()V">
          <lines>
            <line number="125" hits="10"/>
          </lines>
        </method>
        <method name="(anonymous_5)" hits="19" signature="()V">
          <lines>
            <line number="136" hits="19"/>
          </lines>
        </method>
        <method name="writeFileSync" hits="10" signature="()V">
          <lines>
            <line number="147" hits="10"/>
          </lines>
        </method>
        <method name="fetchIdl" hits="5" signature="()V">
          <lines>
            <line number="153" hits="5"/>
          </lines>
        </method>
        <method name="(anonymous_8)" hits="2" signature="()V">
          <lines>
            <line number="197" hits="2"/>
          </lines>
        </method>
      </methods>
      <lines>
        <line number="3" hits="1" branch="false"/>
        <line number="4" hits="1" branch="false"/>
        <line number="5" hits="1" branch="false"/>
        <line number="6" hits="1" branch="false"/>
        <line number="7" hits="1" branch="false"/>
        <line number="9" hits="1" branch="false"/>
        <line number="12" hits="4" branch="false"/>
        <line number="13" hits="4" branch="true" condition-coverage="50% (1/2)"/>
        <line number="14" hits="0" branch="false"/>
        <line number="17" hits="4" branch="true" condition-coverage="50% (1/2)"/>
        <line number="18" hits="0" branch="false"/>
        <line number="21" hits="4" branch="false"/>
        <line number="25" hits="4" branch="false"/>
        <line number="26" hits="4" branch="false"/>
        <line number="28" hits="4" branch="true" condition-coverage="100% (2/2)"/>
        <line number="29" hits="3" branch="false"/>
        <line number="31" hits="1" branch="false"/>
        <line number="35" hits="4" branch="true" condition-coverage="100% (2/2)"/>
        <line number="36" hits="3" branch="false"/>
        <line number="39" hits="1" branch="false"/>
        <line number="40" hits="1" branch="false"/>
        <line number="42" hits="1" branch="true" condition-coverage="50% (1/2)"/>
        <line number="43" hits="0" branch="false"/>
        <line number="44" hits="0" branch="true" condition-coverage="0% (0/2)"/>
        <line number="45" hits="0" branch="false"/>
        <line number="48" hits="1" branch="false"/>
        <line number="58" hits="6" branch="false"/>
        <line number="60" hits="6" branch="true" condition-coverage="100% (2/2)"/>
        <line number="61" hits="3" branch="false"/>
        <line number="64" hits="6" branch="true" condition-coverage="100% (2/2)"/>
        <line number="65" hits="5" branch="false"/>
        <line number="66" hits="5" branch="false"/>
        <line number="69" hits="5" branch="false"/>
        <line number="71" hits="4" branch="true" condition-coverage="50% (1/2)"/>
        <line number="74" hits="0" branch="false"/>
        <line number="75" hits="0" branch="false"/>
        <line number="76" hits="0" branch="false"/>
        <line number="77" hits="0" branch="false"/>
        <line number="80" hits="4" branch="false"/>
        <line number="81" hits="11" branch="true" condition-coverage="100% (2/2)"/>
        <line number="82" hits="4" branch="false"/>
        <line number="83" hits="4" branch="false"/>
        <line number="94" hits="6" branch="true" condition-coverage="50% (1/2)"/>
        <line number="97" hits="6" branch="false"/>
        <line number="99" hits="6" branch="true" condition-coverage="100% (2/2)"/>
        <line number="100" hits="3" branch="false"/>
        <line number="103" hits="6" branch="true" condition-coverage="100% (2/2)"/>
        <line number="104" hits="5" branch="false"/>
        <line number="105" hits="5" branch="false"/>
        <line number="108" hits="5" branch="false"/>
        <line number="109" hits="5" branch="true" condition-coverage="100% (2/2)"/>
        <line number="112" hits="1" branch="false"/>
        <line number="113" hits="1" branch="false"/>
        <line number="114" hits="1" branch="false"/>
        <line number="117" hits="4" branch="false"/>
        <line number="118" hits="4" branch="true" condition-coverage="100% (4/4)"/>
        <line number="119" hits="2" branch="false"/>
        <line number="120" hits="4" branch="false"/>
        <line number="126" hits="10" branch="true" condition-coverage="100% (2/2)"/>
        <line number="130" hits="8" branch="false"/>
        <line number="133" hits="2" branch="false"/>
        <line number="134" hits="2" branch="false"/>
        <line number="136" hits="2" branch="false"/>
        <line number="137" hits="19" branch="false"/>
        <line number="138" hits="19" branch="true" condition-coverage="100% (2/2)"/>
        <line number="142" hits="4" branch="false"/>
        <line number="148" hits="10" branch="false"/>
        <line number="149" hits="10" branch="false"/>
        <line number="150" hits="10" branch="false"/>
        <line number="153" hits="1" branch="false"/>
        <line number="159" hits="5" branch="true" condition-coverage="100% (2/2)"/>
        <line number="160" hits="1" branch="false"/>
        <line number="163" hits="4" branch="false"/>
        <line number="164" hits="4" branch="false"/>
        <line number="167" hits="4" branch="false"/>
        <line number="168" hits="4" branch="false"/>
        <line number="169" hits="4" branch="true" condition-coverage="100% (2/2)"/>
        <line number="170" hits="2" branch="false"/>
        <line number="171" hits="2" branch="true" condition-coverage="50% (1/2)"/>
        <line number="172" hits="2" branch="false"/>
        <line number="176" hits="2" branch="false"/>
        <line number="180" hits="4" branch="false"/>
        <line number="181" hits="10" branch="false"/>
        <line number="182" hits="10" branch="false"/>
        <line number="186" hits="4" branch="true" condition-coverage="100% (2/2)"/>
        <line number="187" hits="2" branch="false"/>
        <line number="190" hits="2" branch="true" condition-coverage="50% (1/2)"/>
        <line number="195" hits="2" branch="false"/>
        <line number="197" hits="2" branch="false"/>
        <line number="198" hits="2" branch="false"/>
        <line number="201" hits="2" branch="true" condition-coverage="100% (2/2)"/>
        <line number="202" hits="1" branch="false"/>
      </lines>
    </class>
  </packages>
</coverage>
