<?xml version="1.0" ?>
<!DOCTYPE coverage SYSTEM "http://cobertura.sourceforge.net/xml/coverage-04.dtd">
<coverage lines-valid="91" lines-covered="91" line-rate="1" branches-valid="47" branches-covered="47" branch-rate="1" timestamp="1585191977345" complexity="0" version="0.1">
  <sources>
    <source>/Users/lancewu/Documents/code/fetch-idl</source>
  </sources>
  <packages>
    <class name="index.ts" filename="src/index.ts" line-rate="1" branch-rate="1">
      <methods>
        <method name="gitClone" hits="8" signature="()V">
          <lines>
            <line number="12" hits="8"/>
          </lines>
        </method>
        <method name="getThriftFileMap" hits="7" signature="()V">
          <lines>
            <line number="54" hits="7"/>
          </lines>
        </method>
        <method name="getProtoFileMap" hits="7" signature="()V">
          <lines>
            <line number="91" hits="7"/>
          </lines>
        </method>
        <method name="(anonymous_3)" hits="5" signature="()V">
          <lines>
            <line number="122" hits="5"/>
          </lines>
        </method>
        <method name="makeDirectory" hits="11" signature="()V">
          <lines>
            <line number="128" hits="11"/>
          </lines>
        </method>
        <method name="(anonymous_5)" hits="19" signature="()V">
          <lines>
            <line number="139" hits="19"/>
          </lines>
        </method>
        <method name="writeFileSync" hits="11" signature="()V">
          <lines>
            <line number="150" hits="11"/>
          </lines>
        </method>
        <method name="fetchIdl" hits="10" signature="()V">
          <lines>
            <line number="156" hits="10"/>
          </lines>
        </method>
        <method name="(anonymous_8)" hits="5" signature="()V">
          <lines>
            <line number="171" hits="5"/>
          </lines>
        </method>
        <method name="(anonymous_9)" hits="3" signature="()V">
          <lines>
            <line number="211" hits="3"/>
          </lines>
        </method>
      </methods>
      <lines>
        <line number="3" hits="1" branch="false"/>
        <line number="4" hits="1" branch="false"/>
        <line number="5" hits="1" branch="false"/>
        <line number="6" hits="1" branch="false"/>
        <line number="7" hits="1" branch="false"/>
        <line number="8" hits="1" branch="false"/>
        <line number="10" hits="1" branch="false"/>
        <line number="13" hits="8" branch="false"/>
        <line number="14" hits="8" branch="true" condition-coverage="100% (2/2)"/>
        <line number="15" hits="2" branch="false"/>
        <line number="18" hits="8" branch="true" condition-coverage="100% (2/2)"/>
        <line number="19" hits="1" branch="false"/>
        <line number="22" hits="7" branch="false"/>
        <line number="26" hits="7" branch="false"/>
        <line number="27" hits="7" branch="false"/>
        <line number="29" hits="7" branch="true" condition-coverage="100% (2/2)"/>
        <line number="30" hits="5" branch="false"/>
        <line number="32" hits="2" branch="false"/>
        <line number="36" hits="7" branch="true" condition-coverage="100% (2/2)"/>
        <line number="37" hits="5" branch="false"/>
        <line number="40" hits="2" branch="false"/>
        <line number="41" hits="2" branch="false"/>
        <line number="43" hits="2" branch="true" condition-coverage="100% (2/2)"/>
        <line number="44" hits="1" branch="false"/>
        <line number="48" hits="1" branch="false"/>
        <line number="51" hits="1" branch="false"/>
        <line number="61" hits="7" branch="false"/>
        <line number="63" hits="7" branch="true" condition-coverage="100% (2/2)"/>
        <line number="64" hits="3" branch="false"/>
        <line number="67" hits="7" branch="true" condition-coverage="100% (2/2)"/>
        <line number="68" hits="6" branch="false"/>
        <line number="69" hits="6" branch="false"/>
        <line number="72" hits="6" branch="false"/>
        <line number="74" hits="6" branch="true" condition-coverage="100% (2/2)"/>
        <line number="77" hits="1" branch="false"/>
        <line number="78" hits="1" branch="false"/>
        <line number="79" hits="1" branch="false"/>
        <line number="80" hits="1" branch="false"/>
        <line number="83" hits="5" branch="false"/>
        <line number="84" hits="12" branch="true" condition-coverage="100% (2/2)"/>
        <line number="85" hits="4" branch="false"/>
        <line number="86" hits="4" branch="false"/>
        <line number="97" hits="7" branch="true" condition-coverage="100% (2/2)"/>
        <line number="100" hits="6" branch="false"/>
        <line number="102" hits="6" branch="true" condition-coverage="100% (2/2)"/>
        <line number="103" hits="3" branch="false"/>
        <line number="106" hits="6" branch="true" condition-coverage="100% (2/2)"/>
        <line number="107" hits="5" branch="false"/>
        <line number="108" hits="5" branch="false"/>
        <line number="111" hits="5" branch="false"/>
        <line number="112" hits="5" branch="true" condition-coverage="100% (2/2)"/>
        <line number="115" hits="1" branch="false"/>
        <line number="116" hits="1" branch="false"/>
        <line number="117" hits="1" branch="false"/>
        <line number="120" hits="4" branch="false"/>
        <line number="121" hits="4" branch="true" condition-coverage="100% (4/4)"/>
        <line number="122" hits="3" branch="false"/>
        <line number="123" hits="5" branch="false"/>
        <line number="129" hits="11" branch="true" condition-coverage="100% (2/2)"/>
        <line number="133" hits="9" branch="false"/>
        <line number="136" hits="2" branch="false"/>
        <line number="137" hits="2" branch="false"/>
        <line number="139" hits="2" branch="false"/>
        <line number="140" hits="19" branch="false"/>
        <line number="141" hits="19" branch="true" condition-coverage="100% (2/2)"/>
        <line number="145" hits="4" branch="false"/>
        <line number="151" hits="11" branch="false"/>
        <line number="152" hits="11" branch="false"/>
        <line number="153" hits="11" branch="false"/>
        <line number="156" hits="1" branch="false"/>
        <line number="163" hits="10" branch="true" condition-coverage="100% (4/4)"/>
        <line number="164" hits="2" branch="false"/>
        <line number="167" hits="8" branch="false"/>
        <line number="169" hits="6" branch="false"/>
        <line number="171" hits="5" branch="false"/>
        <line number="173" hits="6" branch="true" condition-coverage="100% (2/2)"/>
        <line number="174" hits="1" branch="false"/>
        <line number="177" hits="5" branch="false"/>
        <line number="180" hits="5" branch="false"/>
        <line number="181" hits="5" branch="false"/>
        <line number="183" hits="5" branch="true" condition-coverage="100% (1/1)"/>
        <line number="184" hits="3" branch="false"/>
        <line number="190" hits="2" branch="false"/>
        <line number="194" hits="5" branch="false"/>
        <line number="195" hits="11" branch="false"/>
        <line number="196" hits="11" branch="false"/>
        <line number="200" hits="5" branch="true" condition-coverage="100% (2/2)"/>
        <line number="201" hits="2" branch="false"/>
        <line number="209" hits="2" branch="false"/>
        <line number="211" hits="3" branch="false"/>
        <line number="212" hits="3" branch="false"/>
      </lines>
    </class>
  </packages>
</coverage>
